¦Ifinal_url¡DtypeLhttp_headers¢DtypeEvalue‡¢Ak¢DtypeEvalueNContent-LengthAv¢DtypeEvalueE63409¢Ak¢DtypeEvalueMAccept-RangesAv¢DtypeEvalueEbytes¢Ak¢DtypeEvalueFServerAv¢DtypeEvalueX4Apache/2.4.6 (CentOS) OpenSSL/1.0.2k-fips SVN/1.7.14¢Ak¢DtypeEvalueMLast-ModifiedAv¢DtypeEvalueXFri, 13 Nov 2015 01:03:16 GMT¢Ak¢DtypeEvalueDETagAv¢DtypeEvalueT"f7b1-524619fdc5d00"¢Ak¢DtypeEvalueDDateAv¢DtypeEvalueXFri, 01 Feb 2019 19:00:13 GMT¢Ak¢DtypeEvalueLContent-TypeAv¢DtypeEvalueXtext/plain; charset=UTF-8Kraw_content¢DtypeEvalueY÷±################
/home/minhaenl/cs_171/draft/Files/achaithi_Chaithirasakyl_75785003_WEOP/Project1
################
/home/minhaenl/cs_171/draft/Files/acmar_Mar_15753292_ArmyOfSlams/Mar_15753292_ArmyOfSlams/src
################
/home/minhaenl/cs_171/draft/Files/albertml_Lau_74385912_Milk/src
################
/home/minhaenl/cs_171/draft/Files/allisojr_Ramirez_allisojr_TeamK/src
################
/home/minhaenl/cs_171/draft/Files/andresg6_Gonzalez_28662951_RadiantFork/Gonzalez_28662951_RadiantFork/src
AIShell.h:34: error: ISO C++ forbids initialization of member â€˜treeRootâ€™
AIShell.h:34: error: making â€˜treeRootâ€™ static
AIShell.h:34: error: invalid in-class initialization of static data member of non-integral type â€˜idNode*â€™
In file included from AIShell.cpp:1:
AIShell.h:34: error: ISO C++ forbids initialization of member â€˜treeRootâ€™
AIShell.h:34: error: making â€˜treeRootâ€™ static
AIShell.h:34: error: invalid in-class initialization of static data member of non-integral type â€˜idNode*â€™
AIShell.cpp: In destructor â€˜AIShell::~AIShell()â€™:
AIShell.cpp:46: error: â€˜treeRootâ€™ was not declared in this scope
AIShell.cpp:46: error: â€˜nullptrâ€™ was not declared in this scope
AIShell.cpp:48: error: type â€˜<type error>â€™ argument given to â€˜deleteâ€™, expected pointer
AIShell.cpp: In member function â€˜Move AIShell::makeMove()â€™:
AIShell.cpp:67: error: â€˜treeRootâ€™ was not declared in this scope
AIShell.cpp: In member function â€˜void AIShell::generateNodeTree()â€™:
AIShell.cpp:333: error: â€˜treeRootâ€™ was not declared in this scope
AIShell.cpp:333: error: â€˜nullptrâ€™ was not declared in this scope
AIShell.cpp: In member function â€˜idNode* AIShell::generateNode(idNode*, int**, int, bool, Move)â€™:
AIShell.cpp:352: error: expected primary-expression before â€˜[â€™ token
AIShell.cpp:352: error: expected primary-expression before â€˜*â€™ token
AIShell.cpp:352: error: â€˜câ€™ was not declared in this scope
AIShell.cpp:358: error: expected primary-expression before â€˜[â€™ token
AIShell.cpp:358: error: expected primary-expression before â€˜*â€™ token
AIShell.cpp:358: error: â€˜câ€™ was not declared in this scope
In file included from ConnectK.cpp:5:
AIShell.h:34: error: ISO C++ forbids initialization of member â€˜treeRootâ€™
AIShell.h:34: error: making â€˜treeRootâ€™ static
AIShell.h:34: error: invalid in-class initialization of static data member of non-integral type â€˜idNode*â€™
################
/home/minhaenl/cs_171/draft/Files/aschau_Chau_aschau_LostMarbles/LostMarbles/src
AIShell.h:5:18: error: Move.h: No such file or directory
AIShell.h:25: error: â€˜Moveâ€™ does not name a type
AIShell.h:26: error: â€˜>>â€™ should be â€˜> >â€™ within a nested template argument list
AIShell.h:27: error: â€˜std::stringâ€™ has not been declared
AIShell.h:30: error: â€˜>>â€™ should be â€˜> >â€™ within a nested template argument list
AIShell.h:31: error: â€˜>>â€™ should be â€˜> >â€™ within a nested template argument list
AIShell.h:38: error: â€˜Moveâ€™ has not been declared
AIShell.h:40: error: â€˜Moveâ€™ does not name a type
In file included from AIShell.cpp:1:
AIShell.h:5:18: error: Move.h: No such file or directory
In file included from AIShell.cpp:1:
AIShell.h:25: error: â€˜Moveâ€™ does not name a type
In file included from AIShell.cpp:1:
AIShell.h:26: error: â€˜>>â€™ should be â€˜> >â€™ within a nested template argument list
AIShell.h:27: error: â€˜std::stringâ€™ has not been declared
AIShell.h:30: error: â€˜>>â€™ should be â€˜> >â€™ within a nested template argument list
AIShell.h:31: error: â€˜>>â€™ should be â€˜> >â€™ within a nested template argument list
AIShell.h:38: error: â€˜Moveâ€™ has not been declared
AIShell.h:40: error: â€˜Moveâ€™ does not name a type
AIShell.cpp:5: error: â€˜Moveâ€™ has not been declared
AIShell.cpp: In constructor â€˜AIShell::AIShell(int, int, bool, int**, int)â€™:
AIShell.cpp:12: error: â€˜class AIShellâ€™ has no member named â€˜lastMoveâ€™
AIShell.cpp: At global scope:
AIShell.cpp:27: error: â€˜Moveâ€™ does not name a type
AIShell.cpp:78: error: â€˜>>â€™ should be â€˜> >â€™ within a nested template argument list
AIShell.cpp: In member function â€˜std::vector<std::pair<int, int>, std::allocator<std::pair<int, int> > > AIShell::validmoves(int**)â€™:
AIShell.cpp:80: error: â€˜>>â€™ should be â€˜> >â€™ within a nested template argument list
AIShell.cpp: At global scope:
AIShell.cpp:117: error: prototype for â€˜std::pair<int, int> AIShell::search(int**, int, std::string)â€™ does not match any in class â€˜AIShellâ€™
AIShell.h:27: error: candidate is: std::pair<int, int> AIShell::search(int**, int, int)
AIShell.cpp:364: error: â€˜>>â€™ should be â€˜> >â€™ within a nested template argument list
AIShell.cpp:385: error: â€˜>>â€™ should be â€˜> >â€™ within a nested template argument list
################
/home/minhaenl/cs_171/draft/Files/binhtp_Phan_21954036_Mimi/src
AIShell.cpp: In member function â€˜int** AIShell::generateMoves(int&, int**, int)â€™:
AIShell.cpp:58: error: â€˜randâ€™ was not declared in this scope
################
/home/minhaenl/cs_171/draft/Files/bscheng_Brandon_Cheng_67024319_GnomeChild/Brandon_Cheng_67024319_GnomeChild/src
################
/home/minhaenl/cs_171/draft/Files/btullyha_Tully-Hanson_78948862_LionsAmongstTheSheep/Tully-Hanson_78948862_LionsAmongstTheSheep/src
################
/home/minhaenl/cs_171/draft/Files/bwthomas_thomas_bwthomas_Red_Team/thomas_bwthomas_Red_Team
AIShell.cpp: In member function â€˜Move AIShell::makeMove()â€™:
AIShell.cpp:57: error: no match for â€˜operator==â€™ in â€˜((AIShell*)this)->AIShell::lastMove == Move(-0x00000000000000001, -0x00000000000000001)â€™
AIShell.cpp:59: error: â€˜rowsâ€™ was not declared in this scope
AIShell.cpp:64: error: â€˜rowsâ€™ was not declared in this scope
AIShell.cpp:71: error: â€˜colsâ€™ was not declared in this scope
AIShell.cpp:73: error: expected primary-expression before â€˜==â€™ token
AIShell.cpp:74: error: expected â€˜;â€™ before â€˜valueâ€™
AIShell.cpp:75: error: expected primary-expression before â€˜==â€™ token
AIShell.cpp:76: error: expected â€˜;â€™ before â€˜valueâ€™
AIShell.cpp:79: error: expected primary-expression before â€˜==â€™ token
AIShell.cpp:80: error: expected â€˜;â€™ before â€˜valueâ€™
AIShell.cpp:100: error: expected primary-expression before â€˜==â€™ token
AIShell.cpp:101: error: expected â€˜;â€™ before â€˜valueâ€™
AIShell.cpp:102: error: expected primary-expression before â€˜==â€™ token
AIShell.cpp:103: error: expected â€˜;â€™ before â€˜valueâ€™
AIShell.cpp:104: error: expected primary-expression before â€˜==â€™ token
AIShell.cpp:105: error: expected â€˜;â€™ before â€˜valueâ€™
AIShell.cpp:106: error: expected primary-expression before â€˜==â€™ token
AIShell.cpp:107: error: expected â€˜;â€™ before â€˜valueâ€™
AIShell.cpp:125: error: â€˜colsâ€™ was not declared in this scope
AIShell.cpp:127: error: expected primary-expression before â€˜==â€™ token
AIShell.cpp:128: error: expected â€˜;â€™ before â€˜valueâ€™
AIShell.cpp:129: error: expected primary-expression before â€˜==â€™ token
AIShell.cpp:130: error: expected â€˜;â€™ before â€˜valueâ€™
AIShell.cpp:131: error: expected primary-expression before â€˜==â€™ token
AIShell.cpp:132: error: expected â€˜;â€™ before â€˜valueâ€™
AIShell.cpp:133: error: expected primary-expression before â€˜==â€™ token
AIShell.cpp:134: error: expected â€˜;â€™ before â€˜valueâ€™
AIShell.cpp:135: error: expected primary-expression before â€˜==â€™ token
AIShell.cpp:136: error: expected â€˜;â€™ before â€˜valueâ€™
AIShell.cpp:137: error: expected primary-expression before â€˜]â€™ token
AIShell.cpp:137: error: expected primary-expression before â€˜==â€™ token
AIShell.cpp:138: error: expected â€˜;â€™ before â€˜valueâ€™
AIShell.cpp:139: error: expected primary-expression before â€˜==â€™ token
AIShell.cpp:140: error: expected â€˜;â€™ before â€˜valueâ€™
AIShell.cpp:141: error: expected primary-expression before â€˜==â€™ token
AIShell.cpp:142: error: expected â€˜;â€™ before â€˜valueâ€™
AIShell.cpp:180: error: no match for â€˜operator==â€™ in â€˜((AIShell*)this)->AIShell::lastMove == Move(-0x00000000000000001, -0x00000000000000001)â€™
AIShell.cpp:182: error: â€˜rowsâ€™ was not declared in this scope
AIShell.cpp:187: error: â€˜rowsâ€™ was not declared in this scope
AIShell.cpp:189: error: â€˜colsâ€™ was not declared in this scope
AIShell.cpp:196: error: expected primary-expression before â€˜==â€™ token
AIShell.cpp:197: error: expected â€˜;â€™ before â€˜valueâ€™
AIShell.cpp:198: error: expected primary-expression before â€˜==â€™ token
AIShell.cpp:199: error: expected â€˜;â€™ before â€˜valueâ€™
AIShell.cpp:202: error: expected primary-expression before â€˜==â€™ token
AIShell.cpp:203: error: expected â€˜;â€™ before â€˜valueâ€™
AIShell.cpp:223: error: expected primary-expression before â€˜==â€™ token
AIShell.cpp:224: error: expected â€˜;â€™ before â€˜valueâ€™
AIShell.cpp:225: error: expected primary-expression before â€˜==â€™ token
AIShell.cpp:226: error: expected â€˜;â€™ before â€˜valueâ€™
AIShell.cpp:227: error: expected primary-expression before â€˜==â€™ token
AIShell.cpp:228: error: expected â€˜;â€™ before â€˜valueâ€™
AIShell.cpp:229: error: expected primary-expression before â€˜==â€™ token
AIShell.cpp:230: error: expected â€˜;â€™ before â€˜valueâ€™
AIShell.cpp:250: error: expected primary-expression before â€˜==â€™ token
AIShell.cpp:251: error: expected â€˜;â€™ before â€˜valueâ€™
AIShell.cpp:252: error: expected primary-expression before â€˜==â€™ token
AIShell.cpp:253: error: expected â€˜;â€™ before â€˜valueâ€™
AIShell.cpp:254: error: expected primary-expression before â€˜==â€™ token
AIShell.cpp:255: error: expected â€˜;â€™ before â€˜valueâ€™
AIShell.cpp:256: error: expected primary-expression before â€˜==â€™ token
AIShell.cpp:257: error: expected â€˜;â€™ before â€˜valueâ€™
AIShell.cpp:258: error: expected primary-expression before â€˜==â€™ token
AIShell.cpp:259: error: expected â€˜;â€™ before â€˜valueâ€™
AIShell.cpp:260: error: expected primary-expression before â€˜]â€™ token
AIShell.cpp:260: error: expected primary-expression before â€˜==â€™ token
AIShell.cpp:261: error: expected â€˜;â€™ before â€˜valueâ€™
AIShell.cpp:262: error: expected primary-expression before â€˜==â€™ token
AIShell.cpp:263: error: expected â€˜;â€™ before â€˜valueâ€™
AIShell.cpp:264: error: expected primary-expression before â€˜==â€™ token
AIShell.cpp:265: error: expected â€˜;â€™ before â€˜valueâ€™
################
/home/minhaenl/cs_171/draft/Files/carlislk_carlisle_carlislk_blueTeam/src
################
/home/minhaenl/cs_171/draft/Files/clpachec_Pacheco_clpachec_Wubalubadubdub/Pacheco_clpachec_Wubalubadubdub/src
################
/home/minhaenl/cs_171/draft/Files/cpjung_jung_80502204_randomgroupname/jung_80502204_randomgroupname/src
AIShell.h:56: error: ISO C++ forbids initialization of member â€˜MAXâ€™
AIShell.h:56: error: making â€˜MAXâ€™ static
AIShell.h:57: error: ISO C++ forbids initialization of member â€˜MINâ€™
AIShell.h:57: error: making â€˜MINâ€™ static
In file included from AIShell.cpp:1:
AIShell.h:56: error: ISO C++ forbids initialization of member â€˜MAXâ€™
AIShell.h:56: error: making â€˜MAXâ€™ static
AIShell.h:57: error: ISO C++ forbids initialization of member â€˜MINâ€™
AIShell.h:57: error: making â€˜MINâ€™ static
AIShell.cpp: In member function â€˜int AIShell::minimax(Node*, int)â€™:
AIShell.cpp:108: error: expected initializer before â€˜:â€™ token
AIShell.cpp:113: error: expected primary-expression before â€˜returnâ€™
AIShell.cpp:113: error: expected â€˜)â€™ before â€˜returnâ€™
AIShell.cpp:117: error: expected initializer before â€˜:â€™ token
AIShell.cpp:122: error: expected primary-expression before â€˜returnâ€™
AIShell.cpp:122: error: expected â€˜)â€™ before â€˜returnâ€™
In file included from ConnectK.cpp:5:
AIShell.h:56: error: ISO C++ forbids initialization of member â€˜MAXâ€™
AIShell.h:56: error: making â€˜MAXâ€™ static
AIShell.h:57: error: ISO C++ forbids initialization of member â€˜MINâ€™
AIShell.h:57: error: making â€˜MINâ€™ static
################
/home/minhaenl/cs_171/draft/Files/darpanp_Patel_35198867_BRDP/BRDP/src
In file included from /usr/lib/gcc/x86_64-redhat-linux/4.4.7/../../../../include/c++/4.4.7/random:35,
                 from AIShell.cpp:4:
/usr/lib/gcc/x86_64-redhat-linux/4.4.7/../../../../include/c++/4.4.7/c++0x_warning.h:31:2: error: #error This file requires compiler and library support for the upcoming ISO C++ standard, C++0x. This support is currently experimental, and must be enabled with the -std=c++0x or -std=gnu++0x compiler options.
################
/home/minhaenl/cs_171/draft/Files/djungman_jungman_22962656_CoolCatAI/src
################
/home/minhaenl/cs_171/draft/Files/djungman_jungman_22962656_DavidsAI/src
################
/home/minhaenl/cs_171/draft/Files/eaho1_ho_eaho1_SHUTUPandDANCEwithme/ho_eaho1_SHUTUPandDANCEwithme/src
################
/home/minhaenl/cs_171/draft/Files/fangz5_Zhang_15009881_Magi/Zhang_15009881_Magi/src
AIShell.cpp: In constructor â€˜GameState::GameState(int, int, int, bool, bool, Move, int**)â€™:
AIShell.cpp:232: error: â€˜memcpyâ€™ was not declared in this scope
AIShell.cpp: In constructor â€˜GameState::GameState(GameState*, Move)â€™:
AIShell.cpp:417: error: â€˜memcpyâ€™ was not declared in this scope
AIShell.cpp: In member function â€˜int Node::getUtilityK(int*)â€™:
AIShell.cpp:650: error: â€˜powâ€™ was not declared in this scope
AIShell.cpp:654: error: â€˜powâ€™ was not declared in this scope
################
/home/minhaenl/cs_171/draft/Files/gcdiaz_Diaz_24812280_FightingMongooses/AI Draft/src
################
/home/minhaenl/cs_171/draft/Files/haominl1_Li_haominl1_IntelligenceCubed/src
################
/home/minhaenl/cs_171/draft/Files/hhsin_hsin_49399981_WIP/src
In file included from /usr/lib/gcc/x86_64-redhat-linux/4.4.7/../../../../include/c++/4.4.7/chrono:35,
                 from AIShell.h:4:
/usr/lib/gcc/x86_64-redhat-linux/4.4.7/../../../../include/c++/4.4.7/c++0x_warning.h:31:2: error: #error This file requires compiler and library support for the upcoming ISO C++ standard, C++0x. This support is currently experimental, and must be enabled with the -std=c++0x or -std=gnu++0x compiler options.
AIShell.h:7:18: error: atomic: No such file or directory
In file included from GameBoard.hpp:15,
                 from AIShell.h:9:
GameNode.hpp:26: error: â€˜int16_tâ€™ does not name a type
GameNode.hpp: In constructor â€˜GameNode::GameNode()â€™:
GameNode.hpp:16: error: â€˜nullptrâ€™ was not declared in this scope
In file included from AIShell.h:9:
GameBoard.hpp: In function â€˜std::ostream& operator<<(std::ostream&, const Cell&)â€™:
GameBoard.hpp:44: error: â€˜cellTypeâ€™ is not a class or namespace
GameBoard.hpp:46: error: â€˜cellTypeâ€™ is not a class or namespace
GameBoard.hpp: At global scope:
GameBoard.hpp:96: error: ISO C++ forbids declaration of â€˜arrayâ€™ with no type
GameBoard.hpp:96: error: invalid use of â€˜::â€™
GameBoard.hpp:96: error: expected â€˜;â€™ before â€˜<â€™ token
GameBoard.hpp:101: error: expected â€˜;â€™ before â€˜privateâ€™
GameBoard.hpp:102: error: ISO C++ forbids declaration of â€˜arrayâ€™ with no type
GameBoard.hpp:102: error: invalid use of â€˜::â€™
GameBoard.hpp:102: error: expected â€˜;â€™ before â€˜<â€™ token
GameBoard.hpp: In member function â€˜GameBoard GameBoard::operator=(GameBoard&)â€™:
GameBoard.hpp:60: error: â€˜_boardâ€™ was not declared in this scope
GameBoard.hpp:60: error: â€˜class GameBoardâ€™ has no member named â€˜_boardâ€™
GameBoard.hpp: In member function â€˜void GameBoard::setBoard(int, int)â€™:
GameBoard.hpp:69: error: â€˜_boardâ€™ was not declared in this scope
GameBoard.hpp:69: error: â€˜cellTypeâ€™ is not a class or namespace
GameBoard.hpp: In member function â€˜bool GameBoard::addMove(Move, cellType)â€™:
GameBoard.hpp:75: error: â€˜_boardâ€™ was not declared in this scope
GameBoard.hpp:77: error: â€˜_boardâ€™ was not declared in this scope
GameBoard.hpp: In member function â€˜bool GameBoard::addMove(int, int, cellType)â€™:
GameBoard.hpp:82: error: â€˜_boardâ€™ was not declared in this scope
GameBoard.hpp:84: error: â€˜_boardâ€™ was not declared in this scope
GameBoard.hpp: In member function â€˜bool GameBoard::removeMove(Move)â€™:
GameBoard.hpp:91: error: â€˜_boardâ€™ was not declared in this scope
GameBoard.hpp:91: error: â€˜cellTypeâ€™ is not a class or namespace
GameBoard.hpp:93: error: â€˜_boardâ€™ was not declared in this scope
GameBoard.hpp:93: error: â€˜cellTypeâ€™ is not a class or namespace
AIShell.h: At global scope:
AIShell.h:258: error: ISO C++ forbids declaration of â€˜threadâ€™ with no type
AIShell.h:258: error: invalid use of â€˜::â€™
AIShell.h:258: error: expected â€˜;â€™ before â€˜*â€™ token
AIShell.h:265: error: ISO C++ forbids declaration of â€˜atomicâ€™ with no type
AIShell.h:265: error: invalid use of â€˜::â€™
AIShell.h:265: error: expected â€˜;â€™ before â€˜<â€™ token
AIShell.h:266: error: ISO C++ forbids declaration of â€˜atomicâ€™ with no type
AIShell.h:266: error: invalid use of â€˜::â€™
AIShell.h:266: error: expected â€˜;â€™ before â€˜<â€™ token
AIShell.h: In constructor â€˜AIShell::AIShell()â€™:
AIShell.h:28: error: â€˜_builderâ€™ was not declared in this scope
AIShell.h:28: error: â€˜nullptrâ€™ was not declared in this scope
AIShell.h: In constructor â€˜AIShell::AIShell(const char*)â€™:
AIShell.h:33: error: â€˜_builderâ€™ was not declared in this scope
AIShell.h:33: error: â€˜nullptrâ€™ was not declared in this scope
AIShell.h: In destructor â€˜AIShell::~AIShell()â€™:
AIShell.h:37: error: â€˜_builderâ€™ was not declared in this scope
AIShell.h:38: error: type â€˜<type error>â€™ argument given to â€˜deleteâ€™, expected pointer
AIShell.h: In member function â€˜void AIShell::setBoard(bool, int, int, int, Move)â€™:
AIShell.h:46: error: â€˜_move_countâ€™ was not declared in this scope
AIShell.h:47: error: â€˜_runâ€™ was not declared in this scope
AIShell.h:52: error: â€˜cellTypeâ€™ is not a class or namespace
AIShell.h: In member function â€˜void AIShell::enemyMove(Move)â€™:
AIShell.h:64: error: â€˜_move_countâ€™ was not declared in this scope
AIShell.h:65: error: â€˜cellTypeâ€™ is not a class or namespace
AIShell.h: In member function â€˜Move AIShell::makeMove(int)â€™:
AIShell.h:81: error: â€˜_move_countâ€™ was not declared in this scope
AIShell.h:83: error: â€˜cellTypeâ€™ is not a class or namespace
AIShell.h: In member function â€˜virtual void AIShell::_logic(int)â€™:
AIShell.h:103: error: no match for â€˜operator[]â€™ in â€˜((AIShell*)this)->AIShell::_game[col]â€™
AIShell.h:103: error: â€˜cellTypeâ€™ is not a class or namespace
AIShell.h:110: error: â€˜std::this_threadâ€™ has not been declared
AIShell.h:110: error: â€˜std::chronoâ€™ has not been declared
AIShell.h: In member function â€˜void AIShell::_buildGameTree()â€™:
AIShell.h:122: error: â€˜_runâ€™ was not declared in this scope
AIShell.h:128: error: â€˜_move_countâ€™ was not declared in this scope
AIShell.h:130: error: â€˜cellTypeâ€™ is not a class or namespace
AIShell.h:135: error: â€˜cellTypeâ€™ is not a class or namespace
AIShell.h: In member function â€˜int AIShell::goalTest(const GameBoard&)â€™:
AIShell.h:155: error: no match for â€˜operator[]â€™ in â€˜board[i]â€™
AIShell.h:155: error: â€˜cellTypeâ€™ is not a class or namespace
AIShell.h:161: error: no match for â€˜operator[]â€™ in â€˜board[i]â€™
AIShell.h:161: error: â€˜cellTypeâ€™ is not a class or namespace
AIShell.h:167: error: no match for â€˜operator[]â€™ in â€˜board[i]â€™
AIShell.h:167: error: â€˜cellTypeâ€™ is not a class or namespace
AIShell.h:171: error: â€˜absâ€™ is not a member of â€˜stdâ€™
AIShell.h:183: error: no match for â€˜operator[]â€™ in â€˜board[j]â€™
AIShell.h:183: error: â€˜cellTypeâ€™ is not a class or namespace
AIShell.h:189: error: no match for â€˜operator[]â€™ in â€˜board[j]â€™
AIShell.h:189: error: â€˜cellTypeâ€™ is not a class or namespace
AIShell.h:195: error: no match for â€˜operator[]â€™ in â€˜board[j]â€™
AIShell.h:195: error: â€˜cellTypeâ€™ is not a class or namespace
AIShell.h:199: error: â€˜absâ€™ is not a member of â€˜stdâ€™
AIShell.h:210: error: no match for â€˜operator[]â€™ in â€˜board[(boardCol + i)]â€™
AIShell.h:210: error: â€˜cellTypeâ€™ is not a class or namespace
AIShell.h:216: error: no match for â€˜operator[]â€™ in â€˜board[(boardCol + i)]â€™
AIShell.h:216: error: â€˜cellTypeâ€™ is not a class or namespace
AIShell.h:222: error: no match for â€˜operator[]â€™ in â€˜board[(boardCol + i)]â€™
AIShell.h:222: error: â€˜cellTypeâ€™ is not a class or namespace
AIShell.h:226: error: â€˜absâ€™ is not a member of â€˜stdâ€™
AIShell.h:231: error: no match for â€˜operator[]â€™ in â€˜board[(boardCol + i)]â€™
AIShell.h:231: error: â€˜cellTypeâ€™ is not a class or namespace
AIShell.h:237: error: no match for â€˜operator[]â€™ in â€˜board[(boardCol + i)]â€™
AIShell.h:237: error: â€˜cellTypeâ€™ is not a class or namespace
AIShell.h:243: error: no match for â€˜operator[]â€™ in â€˜board[(boardCol + i)]â€™
AIShell.h:243: error: â€˜cellTypeâ€™ is not a class or namespace
AIShell.h:247: error: â€˜absâ€™ is not a member of â€˜stdâ€™
In file included from /usr/lib/gcc/x86_64-redhat-linux/4.4.7/../../../../include/c++/4.4.7/chrono:35,
                 from AIShell.h:4,
                 from ConnectK.cpp:12:
/usr/lib/gcc/x86_64-redhat-linux/4.4.7/../../../../include/c++/4.4.7/c++0x_warning.h:31:2: error: #error This file requires compiler and library support for the upcoming ISO C++ standard, C++0x. This support is currently experimental, and must be enabled with the -std=c++0x or -std=gnu++0x compiler options.
In file included from ConnectK.cpp:12:
AIShell.h:7:18: error: atomic: No such file or directory
In file included from GameBoard.hpp:15,
                 from AIShell.h:9,
                 from ConnectK.cpp:12:
GameNode.hpp: In constructor â€˜GameNode::GameNode()â€™:
GameNode.hpp:16: error: â€˜nullptrâ€™ was not declared in this scope
In file included from AIShell.h:9,
                 from ConnectK.cpp:12:
GameBoard.hpp: In function â€˜std::ostream& operator<<(std::ostream&, const Cell&)â€™:
GameBoard.hpp:44: error: â€˜cellTypeâ€™ is not a class or namespace
GameBoard.hpp:46: error: â€˜cellTypeâ€™ is not a class or namespace
GameBoard.hpp: At global scope:
GameBoard.hpp:96: error: ISO C++ forbids declaration of â€˜arrayâ€™ with no type
GameBoard.hpp:96: error: invalid use of â€˜::â€™
GameBoard.hpp:96: error: expected â€˜;â€™ before â€˜<â€™ token
GameBoard.hpp:101: error: expected â€˜;â€™ before â€˜privateâ€™
GameBoard.hpp:102: error: ISO C++ forbids declaration of â€˜arrayâ€™ with no type
GameBoard.hpp:102: error: invalid use of â€˜::â€™
GameBoard.hpp:102: error: expected â€˜;â€™ before â€˜<â€™ token
GameBoard.hpp: In member function â€˜GameBoard GameBoard::operator=(GameBoard&)â€™:
GameBoard.hpp:60: error: â€˜_boardâ€™ was not declared in this scope
GameBoard.hpp:60: error: â€˜class GameBoardâ€™ has no member named â€˜_boardâ€™
GameBoard.hpp: In member function â€˜void GameBoard::setBoard(int, int)â€™:
GameBoard.hpp:69: error: â€˜_boardâ€™ was not declared in this scope
GameBoard.hpp:69: error: â€˜cellTypeâ€™ is not a class or namespace
GameBoard.hpp: In member function â€˜bool GameBoard::addMove(Move, cellType)â€™:
GameBoard.hpp:75: error: â€˜_boardâ€™ was not declared in this scope
GameBoard.hpp:77: error: â€˜_boardâ€™ was not declared in this scope
GameBoard.hpp: In member function â€˜bool GameBoard::addMove(int, int, cellType)â€™:
GameBoard.hpp:82: error: â€˜_boardâ€™ was not declared in this scope
GameBoard.hpp:84: error: â€˜_boardâ€™ was not declared in this scope
GameBoard.hpp: In member function â€˜bool GameBoard::removeMove(Move)â€™:
GameBoard.hpp:91: error: â€˜_boardâ€™ was not declared in this scope
GameBoard.hpp:91: error: â€˜cellTypeâ€™ is not a class or namespace
GameBoard.hpp:93: error: â€˜_boardâ€™ was not declared in this scope
GameBoard.hpp:93: error: â€˜cellTypeâ€™ is not a class or namespace
In file included from ConnectK.cpp:12:
AIShell.h: At global scope:
AIShell.h:258: error: ISO C++ forbids declaration of â€˜threadâ€™ with no type
AIShell.h:258: error: invalid use of â€˜::â€™
AIShell.h:258: error: expected â€˜;â€™ before â€˜*â€™ token
AIShell.h:265: error: ISO C++ forbids declaration of â€˜atomicâ€™ with no type
AIShell.h:265: error: invalid use of â€˜::â€™
AIShell.h:265: error: expected â€˜;â€™ before â€˜<â€™ token
AIShell.h:266: error: ISO C++ forbids declaration of â€˜atomicâ€™ with no type
AIShell.h:266: error: invalid use of â€˜::â€™
AIShell.h:266: error: expected â€˜;â€™ before â€˜<â€™ token
AIShell.h: In constructor â€˜AIShell::AIShell()â€™:
AIShell.h:28: error: â€˜_builderâ€™ was not declared in this scope
AIShell.h:28: error: â€˜nullptrâ€™ was not declared in this scope
AIShell.h: In constructor â€˜AIShell::AIShell(const char*)â€™:
AIShell.h:33: error: â€˜_builderâ€™ was not declared in this scope
AIShell.h:33: error: â€˜nullptrâ€™ was not declared in this scope
AIShell.h: In destructor â€˜AIShell::~AIShell()â€™:
AIShell.h:37: error: â€˜_builderâ€™ was not declared in this scope
AIShell.h:38: error: type â€˜<type error>â€™ argument given to â€˜deleteâ€™, expected pointer
AIShell.h: In member function â€˜void AIShell::setBoard(bool, int, int, int, Move)â€™:
AIShell.h:46: error: â€˜_move_countâ€™ was not declared in this scope
AIShell.h:47: error: â€˜_runâ€™ was not declared in this scope
AIShell.h:52: error: â€˜cellTypeâ€™ is not a class or namespace
AIShell.h: In member function â€˜void AIShell::enemyMove(Move)â€™:
AIShell.h:64: error: â€˜_move_countâ€™ was not declared in this scope
AIShell.h:65: error: â€˜cellTypeâ€™ is not a class or namespace
AIShell.h: In member function â€˜Move AIShell::makeMove(int)â€™:
AIShell.h:81: error: â€˜_move_countâ€™ was not declared in this scope
AIShell.h:83: error: â€˜cellTypeâ€™ is not a class or namespace
AIShell.h: In member function â€˜virtual void AIShell::_logic(int)â€™:
AIShell.h:103: error: no match for â€˜operator[]â€™ in â€˜((AIShell*)this)->AIShell::_game[col]â€™
AIShell.h:103: error: â€˜cellTypeâ€™ is not a class or namespace
AIShell.h:110: error: â€˜std::this_threadâ€™ has not been declared
AIShell.h:110: error: â€˜std::chronoâ€™ has not been declared
AIShell.h: In member function â€˜void AIShell::_buildGameTree()â€™:
AIShell.h:122: error: â€˜_runâ€™ was not declared in this scope
AIShell.h:128: error: â€˜_move_countâ€™ was not declared in this scope
AIShell.h:130: error: â€˜cellTypeâ€™ is not a class or namespace
AIShell.h:135: error: â€˜cellTypeâ€™ is not a class or namespace
AIShell.h: In member function â€˜int AIShell::goalTest(const GameBoard&)â€™:
AIShell.h:155: error: no match for â€˜operator[]â€™ in â€˜board[i]â€™
AIShell.h:155: error: â€˜cellTypeâ€™ is not a class or namespace
AIShell.h:161: error: no match for â€˜operator[]â€™ in â€˜board[i]â€™
AIShell.h:161: error: â€˜cellTypeâ€™ is not a class or namespace
AIShell.h:167: error: no match for â€˜operator[]â€™ in â€˜board[i]â€™
AIShell.h:167: error: â€˜cellTypeâ€™ is not a class or namespace
AIShell.h:183: error: no match for â€˜operator[]â€™ in â€˜board[j]â€™
AIShell.h:183: error: â€˜cellTypeâ€™ is not a class or namespace
AIShell.h:189: error: no match for â€˜operator[]â€™ in â€˜board[j]â€™
AIShell.h:189: error: â€˜cellTypeâ€™ is not a class or namespace
AIShell.h:195: error: no match for â€˜operator[]â€™ in â€˜board[j]â€™
AIShell.h:195: error: â€˜cellTypeâ€™ is not a class or namespace
AIShell.h:210: error: no match for â€˜operator[]â€™ in â€˜board[(boardCol + i)]â€™
AIShell.h:210: error: â€˜cellTypeâ€™ is not a class or namespace
AIShell.h:216: error: no match for â€˜operator[]â€™ in â€˜board[(boardCol + i)]â€™
AIShell.h:216: error: â€˜cellTypeâ€™ is not a class or namespace
AIShell.h:222: error: no match for â€˜operator[]â€™ in â€˜board[(boardCol + i)]â€™
AIShell.h:222: error: â€˜cellTypeâ€™ is not a class or namespace
AIShell.h:231: error: no match for â€˜operator[]â€™ in â€˜board[(boardCol + i)]â€™
AIShell.h:231: error: â€˜cellTypeâ€™ is not a class or namespace
AIShell.h:237: error: no match for â€˜operator[]â€™ in â€˜board[(boardCol + i)]â€™
AIShell.h:237: error: â€˜cellTypeâ€™ is not a class or namespace
AIShell.h:243: error: no match for â€˜operator[]â€™ in â€˜board[(boardCol + i)]â€™
AIShell.h:243: error: â€˜cellTypeâ€™ is not a class or namespace
In file included from ConnectK.cpp:13:
AIWIP.hpp: At global scope:
AIWIP.hpp:265: error: â€˜uint8_tâ€™ has not been declared
In file included from ConnectK.cpp:13:
AIWIP.hpp: In constructor â€˜AIWIP::AIWIP()â€™:
AIWIP.hpp:17: error: â€˜nullptrâ€™ was not declared in this scope
AIWIP.hpp: In constructor â€˜AIWIP::AIWIP(const char*)â€™:
AIWIP.hpp:19: error: â€˜nullptrâ€™ was not declared in this scope
AIWIP.hpp: In member function â€˜virtual GameNode* AIWIP::getPossibleMoves(const GameBoard&, bool)â€™:
AIWIP.hpp:24: error: â€˜nullptrâ€™ was not declared in this scope
AIWIP.hpp:28: error: no match for â€˜operator[]â€™ in â€˜board[col]â€™
AIWIP.hpp:28: error: â€˜cellTypeâ€™ is not a class or namespace
AIWIP.hpp: In member function â€˜virtual int AIWIP::ids(int, int, GameNode**, GameBoard, int, cellType)â€™:
AIWIP.hpp:77: error: â€˜_runâ€™ was not declared in this scope
In file included from ConnectK.cpp:13:
AIWIP.hpp: In member function â€˜virtual void AIWIP::_logic(int)â€™:
AIWIP.hpp:136: error: â€˜_move_countâ€™ was not declared in this scope
AIWIP.hpp: In member function â€˜virtual void AIWIP::_cleanTree()â€™:
AIWIP.hpp:215: error: â€˜nullptrâ€™ was not declared in this scope
AIWIP.hpp: In constructor â€˜AIWIP::EvalObject::EvalObject(int)â€™:
AIWIP.hpp:237: error: â€˜cellTypeâ€™ is not a class or namespace
AIWIP.hpp: In member function â€˜int AIWIP::eval2(const GameBoard&, bool)â€™:
AIWIP.hpp:250: error: â€˜cellTypeâ€™ is not a class or namespace
AIWIP.hpp: In member function â€˜int AIWIP::eval(const GameBoard&, bool)â€™:
AIWIP.hpp:394: error: no match for â€˜operator[]â€™ in â€˜board[i]â€™
AIWIP.hpp:394: error: â€˜cellTypeâ€™ is not a class or namespace
AIWIP.hpp:397: error: no match for â€˜operator[]â€™ in â€˜board[i]â€™
AIWIP.hpp:397: error: â€˜cellTypeâ€™ is not a class or namespace
In file included from GameNode.cpp:9:
GameNode.hpp:26: error: â€˜int16_tâ€™ does not name a type
GameNode.hpp: In constructor â€˜GameNode::GameNode()â€™:
GameNode.hpp:16: error: â€˜nullptrâ€™ was not declared in this scope
Move.cpp:4: error: redefinition of â€˜Move::Move()â€™
Move.h:10: error: â€˜Move::Move()â€™ previously defined here
Move.cpp:7: error: redefinition of â€˜Move::Move(int, int)â€™
Move.h:11: error: â€˜Move::Move(int, int)â€™ previously defined here
Move.cpp:11: error: prototype for â€˜Move Move::operator=(Move)â€™ does not match any in class â€˜Moveâ€™
Move.h:8: error: candidate is: Move& Move::operator=(const Move&)
Move.cpp:17: error: prototype for â€˜int Move::getRow()â€™ does not match any in class â€˜Moveâ€™
Move.h:32: error: candidate is: int Move::getRow() const
Move.cpp:22: error: prototype for â€˜int Move::getCol()â€™ does not match any in class â€˜Moveâ€™
Move.h:28: error: candidate is: int Move::getCol() const
Move.cpp:28: error: no â€˜void Move::set(int, int)â€™ member function declared in class â€˜Moveâ€™
Move.cpp:34: error: redefinition of â€˜void Move::setRow(int)â€™
Move.h:40: error: â€˜void Move::setRow(int)â€™ previously defined here
Move.cpp:41: error: redefinition of â€˜void Move::setCol(int)â€™
Move.h:36: error: â€˜void Move::setCol(int)â€™ previously defined here
In file included from /usr/lib/gcc/x86_64-redhat-linux/4.4.7/../../../../include/c++/4.4.7/chrono:35,
                 from AIShell.h:4,
                 from AIWIP.hpp:12,
                 from WIP.cpp:12:
/usr/lib/gcc/x86_64-redhat-linux/4.4.7/../../../../include/c++/4.4.7/c++0x_warning.h:31:2: error: #error This file requires compiler and library support for the upcoming ISO C++ standard, C++0x. This support is currently experimental, and must be enabled with the -std=c++0x or -std=gnu++0x compiler options.
In file included from AIWIP.hpp:12,
                 from WIP.cpp:12:
AIShell.h:7:18: error: atomic: No such file or directory
In file included from GameBoard.hpp:15,
                 from AIShell.h:9,
                 from AIWIP.hpp:12,
                 from WIP.cpp:12:
GameNode.hpp: In constructor â€˜GameNode::GameNode()â€™:
GameNode.hpp:16: error: â€˜nullptrâ€™ was not declared in this scope
In file included from AIShell.h:9,
                 from AIWIP.hpp:12,
                 from WIP.cpp:12:
GameBoard.hpp: In function â€˜std::ostream& operator<<(std::ostream&, const Cell&)â€™:
GameBoard.hpp:44: error: â€˜cellTypeâ€™ is not a class or namespace
GameBoard.hpp:46: error: â€˜cellTypeâ€™ is not a class or namespace
GameBoard.hpp: At global scope:
GameBoard.hpp:96: error: ISO C++ forbids declaration of â€˜arrayâ€™ with no type
GameBoard.hpp:96: error: invalid use of â€˜::â€™
GameBoard.hpp:96: error: expected â€˜;â€™ before â€˜<â€™ token
GameBoard.hpp:101: error: expected â€˜;â€™ before â€˜privateâ€™
GameBoard.hpp:102: error: ISO C++ forbids declaration of â€˜arrayâ€™ with no type
GameBoard.hpp:102: error: invalid use of â€˜::â€™
GameBoard.hpp:102: error: expected â€˜;â€™ before â€˜<â€™ token
GameBoard.hpp: In member function â€˜GameBoard GameBoard::operator=(GameBoard&)â€™:
GameBoard.hpp:60: error: â€˜_boardâ€™ was not declared in this scope
GameBoard.hpp:60: error: â€˜class GameBoardâ€™ has no member named â€˜_boardâ€™
GameBoard.hpp: In member function â€˜void GameBoard::setBoard(int, int)â€™:
GameBoard.hpp:69: error: â€˜_boardâ€™ was not declared in this scope
GameBoard.hpp:69: error: â€˜cellTypeâ€™ is not a class or namespace
GameBoard.hpp: In member function â€˜bool GameBoard::addMove(Move, cellType)â€™:
GameBoard.hpp:75: error: â€˜_boardâ€™ was not declared in this scope
GameBoard.hpp:77: error: â€˜_boardâ€™ was not declared in this scope
GameBoard.hpp: In member function â€˜bool GameBoard::addMove(int, int, cellType)â€™:
GameBoard.hpp:82: error: â€˜_boardâ€™ was not declared in this scope
GameBoard.hpp:84: error: â€˜_boardâ€™ was not declared in this scope
GameBoard.hpp: In member function â€˜bool GameBoard::removeMove(Move)â€™:
GameBoard.hpp:91: error: â€˜_boardâ€™ was not declared in this scope
GameBoard.hpp:91: error: â€˜cellTypeâ€™ is not a class or namespace
GameBoard.hpp:93: error: â€˜_boardâ€™ was not declared in this scope
GameBoard.hpp:93: error: â€˜cellTypeâ€™ is not a class or namespace
In file included from AIWIP.hpp:12,
                 from WIP.cpp:12:
AIShell.h: At global scope:
AIShell.h:258: error: ISO C++ forbids declaration of â€˜threadâ€™ with no type
AIShell.h:258: error: invalid use of â€˜::â€™
AIShell.h:258: error: expected â€˜;â€™ before â€˜*â€™ token
AIShell.h:265: error: ISO C++ forbids declaration of â€˜atomicâ€™ with no type
AIShell.h:265: error: invalid use of â€˜::â€™
AIShell.h:265: error: expected â€˜;â€™ before â€˜<â€™ token
AIShell.h:266: error: ISO C++ forbids declaration of â€˜atomicâ€™ with no type
AIShell.h:266: error: invalid use of â€˜::â€™
AIShell.h:266: error: expected â€˜;â€™ before â€˜<â€™ token
AIShell.h: In constructor â€˜AIShell::AIShell()â€™:
AIShell.h:28: error: â€˜_builderâ€™ was not declared in this scope
AIShell.h:28: error: â€˜nullptrâ€™ was not declared in this scope
AIShell.h: In constructor â€˜AIShell::AIShell(const char*)â€™:
AIShell.h:33: error: â€˜_builderâ€™ was not declared in this scope
AIShell.h:33: error: â€˜nullptrâ€™ was not declared in this scope
AIShell.h: In destructor â€˜AIShell::~AIShell()â€™:
AIShell.h:37: error: â€˜_builderâ€™ was not declared in this scope
AIShell.h:38: error: type â€˜<type error>â€™ argument given to â€˜deleteâ€™, expected pointer
AIShell.h: In member function â€˜void AIShell::setBoard(bool, int, int, int, Move)â€™:
AIShell.h:46: error: â€˜_move_countâ€™ was not declared in this scope
AIShell.h:47: error: â€˜_runâ€™ was not declared in this scope
AIShell.h:52: error: â€˜cellTypeâ€™ is not a class or namespace
AIShell.h: In member function â€˜void AIShell::enemyMove(Move)â€™:
AIShell.h:64: error: â€˜_move_countâ€™ was not declared in this scope
AIShell.h:65: error: â€˜cellTypeâ€™ is not a class or namespace
AIShell.h: In member function â€˜Move AIShell::makeMove(int)â€™:
AIShell.h:81: error: â€˜_move_countâ€™ was not declared in this scope
AIShell.h:83: error: â€˜cellTypeâ€™ is not a class or namespace
AIShell.h: In member function â€˜virtual void AIShell::_logic(int)â€™:
AIShell.h:103: error: no match for â€˜operator[]â€™ in â€˜((AIShell*)this)->AIShell::_game[col]â€™
AIShell.h:103: error: â€˜cellTypeâ€™ is not a class or namespace
AIShell.h:110: error: â€˜std::this_threadâ€™ has not been declared
AIShell.h:110: error: â€˜std::chronoâ€™ has not been declared
AIShell.h: In member function â€˜void AIShell::_buildGameTree()â€™:
AIShell.h:122: error: â€˜_runâ€™ was not declared in this scope
AIShell.h:128: error: â€˜_move_countâ€™ was not declared in this scope
AIShell.h:130: error: â€˜cellTypeâ€™ is not a class or namespace
AIShell.h:135: error: â€˜cellTypeâ€™ is not a class or namespace
AIShell.h: In member function â€˜int AIShell::goalTest(const GameBoard&)â€™:
AIShell.h:155: error: no match for â€˜operator[]â€™ in â€˜board[i]â€™
AIShell.h:155: error: â€˜cellTypeâ€™ is not a class or namespace
AIShell.h:161: error: no match for â€˜operator[]â€™ in â€˜board[i]â€™
AIShell.h:161: error: â€˜cellTypeâ€™ is not a class or namespace
AIShell.h:167: error: no match for â€˜operator[]â€™ in â€˜board[i]â€™
AIShell.h:167: error: â€˜cellTypeâ€™ is not a class or namespace
AIShell.h:183: error: no match for â€˜operator[]â€™ in â€˜board[j]â€™
AIShell.h:183: error: â€˜cellTypeâ€™ is not a class or namespace
AIShell.h:189: error: no match for â€˜operator[]â€™ in â€˜board[j]â€™
AIShell.h:189: error: â€˜cellTypeâ€™ is not a class or namespace
AIShell.h:195: error: no match for â€˜operator[]â€™ in â€˜board[j]â€™
AIShell.h:195: error: â€˜cellTypeâ€™ is not a class or namespace
AIShell.h:210: error: no match for â€˜operator[]â€™ in â€˜board[(boardCol + i)]â€™
AIShell.h:210: error: â€˜cellTypeâ€™ is not a class or namespace
AIShell.h:216: error: no match for â€˜operator[]â€™ in â€˜board[(boardCol + i)]â€™
AIShell.h:216: error: â€˜cellTypeâ€™ is not a class or namespace
AIShell.h:222: error: no match for â€˜operator[]â€™ in â€˜board[(boardCol + i)]â€™
AIShell.h:222: error: â€˜cellTypeâ€™ is not a class or namespace
AIShell.h:231: error: no match for â€˜operator[]â€™ in â€˜board[(boardCol + i)]â€™
AIShell.h:231: error: â€˜cellTypeâ€™ is not a class or namespace
AIShell.h:237: error: no match for â€˜operator[]â€™ in â€˜board[(boardCol + i)]â€™
AIShell.h:237: error: â€˜cellTypeâ€™ is not a class or namespace
AIShell.h:243: error: no match for â€˜operator[]â€™ in â€˜board[(boardCol + i)]â€™
AIShell.h:243: error: â€˜cellTypeâ€™ is not a class or namespace
In file included from WIP.cpp:12:
AIWIP.hpp: At global scope:
AIWIP.hpp:265: error: â€˜uint8_tâ€™ has not been declared
In file included from WIP.cpp:12:
AIWIP.hpp: In constructor â€˜AIWIP::AIWIP()â€™:
AIWIP.hpp:17: error: â€˜nullptrâ€™ was not declared in this scope
AIWIP.hpp: In constructor â€˜AIWIP::AIWIP(const char*)â€™:
AIWIP.hpp:19: error: â€˜nullptrâ€™ was not declared in this scope
AIWIP.hpp: In member function â€˜virtual GameNode* AIWIP::getPossibleMoves(const GameBoard&, bool)â€™:
AIWIP.hpp:24: error: â€˜nullptrâ€™ was not declared in this scope
AIWIP.hpp:28: error: no match for â€˜operator[]â€™ in â€˜board[col]â€™
AIWIP.hpp:28: error: â€˜cellTypeâ€™ is not a class or namespace
AIWIP.hpp: In member function â€˜virtual int AIWIP::ids(int, int, GameNode**, GameBoard, int, cellType)â€™:
AIWIP.hpp:77: error: â€˜_runâ€™ was not declared in this scope
In file included from WIP.cpp:12:
AIWIP.hpp: In member function â€˜virtual void AIWIP::_logic(int)â€™:
AIWIP.hpp:136: error: â€˜_move_countâ€™ was not declared in this scope
AIWIP.hpp: In member function â€˜virtual void AIWIP::_cleanTree()â€™:
AIWIP.hpp:215: error: â€˜nullptrâ€™ was not declared in this scope
AIWIP.hpp: In constructor â€˜AIWIP::EvalObject::EvalObject(int)â€™:
AIWIP.hpp:237: error: â€˜cellTypeâ€™ is not a class or namespace
AIWIP.hpp: In member function â€˜int AIWIP::eval2(const GameBoard&, bool)â€™:
AIWIP.hpp:250: error: â€˜cellTypeâ€™ is not a class or namespace
AIWIP.hpp: In member function â€˜int AIWIP::eval(const GameBoard&, bool)â€™:
AIWIP.hpp:394: error: no match for â€˜operator[]â€™ in â€˜board[i]â€™
AIWIP.hpp:394: error: â€˜cellTypeâ€™ is not a class or namespace
AIWIP.hpp:397: error: no match for â€˜operator[]â€™ in â€˜board[i]â€™
AIWIP.hpp:397: error: â€˜cellTypeâ€™ is not a class or namespace
################
/home/minhaenl/cs_171/draft/Files/hlestrad_Estrada_59677798_Yoshi/Estrada_59677798_Yoshi/src
################
/home/minhaenl/cs_171/draft/Files/hrvega_vega_54709488_GnomeChild/src
AIShell.h:36: error: â€˜>>â€™ should be â€˜> >â€™ within a nested template argument list
AIShell.h:37: error: â€˜>>â€™ should be â€˜> >â€™ within a nested template argument list
AIShell.h:39: error: â€˜>>â€™ should be â€˜> >â€™ within a nested template argument list
AIShell.h:41: error: â€˜>>â€™ should be â€˜> >â€™ within a nested template argument list
In file included from /usr/lib/gcc/x86_64-redhat-linux/4.4.7/../../../../include/c++/4.4.7/random:35,
                 from AIShell.cpp:8:
/usr/lib/gcc/x86_64-redhat-linux/4.4.7/../../../../include/c++/4.4.7/c++0x_warning.h:31:2: error: #error This file requires compiler and library support for the upcoming ISO C++ standard, C++0x. This support is currently experimental, and must be enabled with the -std=c++0x or -std=gnu++0x compiler options.
In file included from AIShell.cpp:4:
AIShell.h:36: error: â€˜>>â€™ should be â€˜> >â€™ within a nested template argument list
AIShell.h:37: error: â€˜>>â€™ should be â€˜> >â€™ within a nested template argument list
AIShell.h:39: error: â€˜>>â€™ should be â€˜> >â€™ within a nested template argument list
AIShell.h:41: error: â€˜>>â€™ should be â€˜> >â€™ within a nested template argument list
AIShell.cpp:32: error: â€˜>>â€™ should be â€˜> >â€™ within a nested template argument list
AIShell.cpp: In function â€˜std::vector<std::pair<int, int>, std::allocator<std::pair<int, int> > > allAxis()â€™:
AIShell.cpp:42: error: â€˜>>â€™ should be â€˜> >â€™ within a nested template argument list
AIShell.cpp: In member function â€˜bool AIShell::isGameEnded(int, int)â€™:
AIShell.cpp:59: error: â€˜>>â€™ should be â€˜> >â€™ within a nested template argument list
AIShell.cpp: At global scope:
AIShell.cpp:130: error: â€˜>>â€™ should be â€˜> >â€™ within a nested template argument list
AIShell.cpp: In member function â€˜bool AIShell::isNextToOtherPiece(int, int, std::vector<std::vector<int, std::allocator<int> >, std::allocator<std::vector<int, std::allocator<int> > > >)â€™:
AIShell.cpp:132: error: â€˜>>â€™ should be â€˜> >â€™ within a nested template argument list
AIShell.cpp: At global scope:
AIShell.cpp:145: error: â€˜>>â€™ should be â€˜> >â€™ within a nested template argument list
AIShell.cpp: In member function â€˜std::vector<std::vector<int, std::allocator<int> >, std::allocator<std::vector<int, std::allocator<int> > > > AIShell::copyGamestate()â€™:
AIShell.cpp:186: error: â€˜>>â€™ should be â€˜> >â€™ within a nested template argument list
AIShell.cpp: At global scope:
AIShell.cpp:202: error: â€˜>>â€™ should be â€˜> >â€™ within a nested template argument list
AIShell.cpp:239: error: â€˜>>â€™ should be â€˜> >â€™ within a nested template argument list
In file included from ConnectK.cpp:5:
AIShell.h:36: error: â€˜>>â€™ should be â€˜> >â€™ within a nested template argument list
AIShell.h:37: error: â€˜>>â€™ should be â€˜> >â€™ within a nested template argument list
AIShell.h:39: error: â€˜>>â€™ should be â€˜> >â€™ within a nested template argument list
AIShell.h:41: error: â€˜>>â€™ should be â€˜> >â€™ within a nested template argument list
################
/home/minhaenl/cs_171/draft/Files/itokuyam_Tokuyama_itokuyam_Mustachio/Tokuyama_itokuyam_Mustachio/171ConnectK
In file included from stdafx.h:8:
targetver.h:8:23: error: SDKDDKVer.h: No such file or directory
stdafx.h:11:19: error: tchar.h: No such file or directory
targetver.h:8:23: error: SDKDDKVer.h: No such file or directory
In file included from stdafx.h:8,
                 from AIShell.cpp:5:
targetver.h:8:23: error: SDKDDKVer.h: No such file or directory
In file included from AIShell.cpp:5:
stdafx.h:11:19: error: tchar.h: No such file or directory
In file included from stdafx.h:8,
                 from ConnectK.cpp:7:
targetver.h:8:23: error: SDKDDKVer.h: No such file or directory
In file included from ConnectK.cpp:7:
stdafx.h:11:19: error: tchar.h: No such file or directory
In file included from stdafx.h:8,
                 from Move.cpp:2:
targetver.h:8:23: error: SDKDDKVer.h: No such file or directory
In file included from Move.cpp:2:
stdafx.h:11:19: error: tchar.h: No such file or directory
In file included from stdafx.h:8,
                 from stdafx.cpp:5:
targetver.h:8:23: error: SDKDDKVer.h: No such file or directory
In file included from stdafx.cpp:5:
stdafx.h:11:19: error: tchar.h: No such file or directory
################
/home/minhaenl/cs_171/draft/Files/jkhabra_Khabra_jkhabra_zombieelites/Khabra_jkhabra_zombieelites/src
################
/home/minhaenl/cs_171/draft/Files/julianrc_cordero_julianrc_victoryProducer/cordero_julianrc_victoryProducer/src
################
/home/minhaenl/cs_171/draft/Files/kinciong_Inciong_kinciong_TaylorSwift/src
################
/home/minhaenl/cs_171/draft/Files/klxu_Xu_klxu_com2/Xu_klxu/src
################
/home/minhaenl/cs_171/draft/Files/klynaugh_Lynaugh_KLYNAUGH_TeamRageQuit/src
################
/home/minhaenl/cs_171/draft/Files/knphan1_Phan_knphan1_TK/Phan_knphan1_TK/src
################
/home/minhaenl/cs_171/draft/Files/kruegern_Krueger_kruegern_Cyberdyne/Krueger_51194759_Cyberdyne/src
################
/home/minhaenl/cs_171/draft/Files/lamth_lam_lamth_suckitturing/src
################
/home/minhaenl/cs_171/draft/Files/larad_ConnectK_Draft/ConnectK_Draft
################
/home/minhaenl/cs_171/draft/Files/larad_Lara_LaraD_CarRamRod/Lara_LaraD_CarRamRod/src
################
/home/minhaenl/cs_171/draft/Files/leonl3_ConnectK_Team_Fish
################
/home/minhaenl/cs_171/draft/Files/luisel_Lopez_luisel_Berserkear/Lopez_33761106_Berserkear/src
################
/home/minhaenl/cs_171/draft/Files/mbobke_bobke_mbobke_AIisLoveAIisLife/bobke_mbobke_AIisLoveAIisLife/src
################
/home/minhaenl/cs_171/draft/Files/mcrober1_Robertson_92965058_TeamNotActuallyATeam/Robertson_92965058_TeamNotActuallyATeam/src
################
/home/minhaenl/cs_171/draft/Files/monamiy_Yang_44194004_AISquad/Yang_44194004_AISquad/src
AIShell.h:5:18: error: Move.h: No such file or directory
AIShell.h:34: error: â€˜Moveâ€™ does not name a type
AIShell.h:52: error: â€˜Moveâ€™ has not been declared
AIShell.h:54: error: â€˜Moveâ€™ does not name a type
In file included from AIShell.cpp:1:
AIShell.h:5:18: error: Move.h: No such file or directory
In file included from AIShell.cpp:1:
AIShell.h:34: error: â€˜Moveâ€™ does not name a type
In file included from AIShell.cpp:1:
AIShell.h:52: error: â€˜Moveâ€™ has not been declared
AIShell.h:54: error: â€˜Moveâ€™ does not name a type
AIShell.cpp:7: error: â€˜Moveâ€™ has not been declared
AIShell.cpp: In constructor â€˜AIShell::AIShell(int, int, bool, int**, int)â€™:
AIShell.cpp:14: error: â€˜class AIShellâ€™ has no member named â€˜lastMoveâ€™
AIShell.cpp: At global scope:
AIShell.cpp:34: error: â€˜Moveâ€™ does not name a type
################
/home/minhaenl/cs_171/draft/Files/monamiy_Yang_44194004_AISquad_bugfix/Yang_44194004_AISquad/src
/usr/lib/gcc/x86_64-redhat-linux/4.4.7/../../../../lib64/crt1.o: In function `_start':
(.text+0x20): undefined reference to `main'
collect2: ld returned 1 exit status
################
/home/minhaenl/cs_171/draft/Files/mushkalo_ushkalov_68213593_GetRekt/src
################
/home/minhaenl/cs_171/draft/Files/pnpatel2_Patel_pnpatel2_HorizonEffect/src
In file included from /usr/lib/gcc/x86_64-redhat-linux/4.4.7/../../../../include/c++/4.4.7/type_traits:35,
                 from Board.h:5:
/usr/lib/gcc/x86_64-redhat-linux/4.4.7/../../../../include/c++/4.4.7/c++0x_warning.h:31:2: error: #error This file requires compiler and library support for the upcoming ISO C++ standard, C++0x. This support is currently experimental, and must be enabled with the -std=c++0x or -std=gnu++0x compiler options.
Board.h:18: error: â€˜conditionalâ€™ in namespace â€˜stdâ€™ does not name a type
Board.h:18: error: expected unqualified-id before â€˜<â€™ token
Board.h:20: error: ISO C++ forbids declaration of â€˜uint_boardâ€™ with no type
Board.h:20: error: expected â€˜,â€™ or â€˜...â€™ before â€˜&â€™ token
Board.h:25: error: â€˜uint_boardâ€™ does not name a type
Board.h: In constructor â€˜BoardMoveIterator<Gravity>::BoardMoveIterator(const uint&, int)â€™:
Board.h:21: error: class â€˜BoardMoveIterator<Gravity>â€™ does not have any field named â€˜freeâ€™
Board.h:21: error: â€˜freeâ€™ was not declared in this scope
Board.h: At global scope:
Board.h:35: error: â€˜conditionalâ€™ in namespace â€˜stdâ€™ does not name a type
Board.h:35: error: expected unqualified-id before â€˜<â€™ token
Board.h:42: error: â€˜uint_boardâ€™ does not name a type
Board.h:43: error: â€˜uint_boardâ€™ does not name a type
Board.h:92: error: ISO C++ forbids declaration of â€˜uint_boardâ€™ with no type
Board.h:92: error: expected â€˜,â€™ or â€˜...â€™ before â€˜&â€™ token
Board.h: In constructor â€˜Board<Gravity>::Board()â€™:
Board.h:39: error: class â€˜Board<Gravity>â€™ does not have any field named â€˜blackâ€™
Board.h:39: error: class â€˜Board<Gravity>â€™ does not have any field named â€˜whiteâ€™
Board.h: In member function â€˜BoardMoveIterator<Gravity> Board<Gravity>::GetMoveIterator(const uint&, const uint&) constâ€™:
Board.h:48: error: â€˜uint_boardâ€™ does not name a type
Board.h:55: error: â€˜blackâ€™ was not declared in this scope
Board.h:55: error: â€˜whiteâ€™ was not declared in this scope
Board.h:55: error: â€˜maskâ€™ was not declared in this scope
Board.h: In member function â€˜void Board<Gravity>::MakeMove(const uint&, const bool&)â€™:
Board.h:64: error: â€˜blackâ€™ was not declared in this scope
Board.h:64: error: â€˜uint_boardâ€™ was not declared in this scope
Board.h:64: error: no matching function for call to â€˜get_one(const unsigned int&)â€™
Board.h:66: error: â€˜whiteâ€™ was not declared in this scope
Board.h:66: error: â€˜uint_boardâ€™ was not declared in this scope
Board.h:66: error: no matching function for call to â€˜get_one(const unsigned int&)â€™
Board.h: In member function â€˜void Board<Gravity>::PrintBoard(const uint&, const uint&) constâ€™:
Board.h:77: error: â€˜blackâ€™ was not declared in this scope
Board.h:77: error: â€˜whiteâ€™ was not declared in this scope
Board.h: In member function â€˜bool Board<Gravity>::HasTied(const uint&, const uint&) constâ€™:
Board.h:89: error: â€˜blackâ€™ was not declared in this scope
Board.h:89: error: â€˜whiteâ€™ was not declared in this scope
Board.h:89: error: â€˜uint_boardâ€™ was not declared in this scope
Board.h:89: error: no matching function for call to â€˜get_mask(unsigned int&)â€™
Board.h: In member function â€˜bool Board<Gravity>::HasWon(const uint&, const uint&, const uint&, const bool&, int) constâ€™:
Board.h:94: error: expected â€˜;â€™ before â€˜boardâ€™
Board.h:95: error: â€˜vertâ€™ was not declared in this scope
Board.h:95: error: â€˜horzâ€™ was not declared in this scope
Board.h:95: error: â€˜diagâ€™ was not declared in this scope
Board.h:95: error: â€˜boardâ€™ was not declared in this scope
Board.h:95: error: â€˜blackâ€™ was not declared in this scope
Board.h:95: error: â€˜whiteâ€™ was not declared in this scope
Board.h:106: error: â€˜vert_maskâ€™ was not declared in this scope
Board.h: In member function â€˜uint BoardMoveIterator<Gravity>::GetNextMove(const uint&, const uint&) [with bool Gravity = true]â€™:
Board.h:131: error: â€˜freeâ€™ was not declared in this scope
Board.h: In member function â€˜uint BoardMoveIterator<Gravity>::GetNextMove(const uint&, const uint&) [with bool Gravity = false]â€™:
Board.h:146: error: â€˜freeâ€™ was not declared in this scope
In file included from /usr/lib/gcc/x86_64-redhat-linux/4.4.7/../../../../include/c++/4.4.7/type_traits:35,
                 from Board.h:5,
                 from AIShell.cpp:9:
/usr/lib/gcc/x86_64-redhat-linux/4.4.7/../../../../include/c++/4.4.7/c++0x_warning.h:31:2: error: #error This file requires compiler and library support for the upcoming ISO C++ standard, C++0x. This support is currently experimental, and must be enabled with the -std=c++0x or -std=gnu++0x compiler options.
In file included from AIShell.cpp:9:
Board.h:18: error: â€˜conditionalâ€™ in namespace â€˜stdâ€™ does not name a type
Board.h:18: error: expected unqualified-id before â€˜<â€™ token
Board.h:20: error: ISO C++ forbids declaration of â€˜uint_boardâ€™ with no type
Board.h:20: error: expected â€˜,â€™ or â€˜...â€™ before â€˜&â€™ token
Board.h:25: error: â€˜uint_boardâ€™ does not name a type
Board.h: In constructor â€˜BoardMoveIterator<Gravity>::BoardMoveIterator(const uint&, int)â€™:
Board.h:21: error: class â€˜BoardMoveIterator<Gravity>â€™ does not have any field named â€˜freeâ€™
Board.h: At global scope:
Board.h:35: error: â€˜conditionalâ€™ in namespace â€˜stdâ€™ does not name a type
Board.h:35: error: expected unqualified-id before â€˜<â€™ token
Board.h:42: error: â€˜uint_boardâ€™ does not name a type
Board.h:43: error: â€˜uint_boardâ€™ does not name a type
Board.h:92: error: ISO C++ forbids declaration of â€˜uint_boardâ€™ with no type
Board.h:92: error: expected â€˜,â€™ or â€˜...â€™ before â€˜&â€™ token
Board.h: In constructor â€˜Board<Gravity>::Board()â€™:
Board.h:39: error: class â€˜Board<Gravity>â€™ does not have any field named â€˜blackâ€™
Board.h:39: error: class â€˜Board<Gravity>â€™ does not have any field named â€˜whiteâ€™
Board.h: In member function â€˜BoardMoveIterator<Gravity> Board<Gravity>::GetMoveIterator(const uint&, const uint&) constâ€™:
Board.h:48: error: â€˜uint_boardâ€™ does not name a type
Board.h:55: error: â€˜blackâ€™ was not declared in this scope
Board.h:55: error: â€˜whiteâ€™ was not declared in this scope
Board.h:55: error: â€˜maskâ€™ was not declared in this scope
Board.h: In member function â€˜void Board<Gravity>::MakeMove(const uint&, const bool&)â€™:
Board.h:64: error: â€˜blackâ€™ was not declared in this scope
Board.h:64: error: â€˜uint_boardâ€™ was not declared in this scope
Board.h:64: error: no matching function for call to â€˜get_one(const unsigned int&)â€™
Board.h:66: error: â€˜whiteâ€™ was not declared in this scope
Board.h:66: error: â€˜uint_boardâ€™ was not declared in this scope
Board.h:66: error: no matching function for call to â€˜get_one(const unsigned int&)â€™
Board.h: In member function â€˜void Board<Gravity>::PrintBoard(const uint&, const uint&) constâ€™:
Board.h:77: error: â€˜blackâ€™ was not declared in this scope
Board.h:77: error: â€˜whiteâ€™ was not declared in this scope
Board.h: In member function â€˜bool Board<Gravity>::HasTied(const uint&, const uint&) constâ€™:
Board.h:89: error: â€˜blackâ€™ was not declared in this scope
Board.h:89: error: â€˜whiteâ€™ was not declared in this scope
Board.h:89: error: â€˜uint_boardâ€™ was not declared in this scope
Board.h:89: error: no matching function for call to â€˜get_mask(unsigned int&)â€™
Board.h: In member function â€˜bool Board<Gravity>::HasWon(const uint&, const uint&, const uint&, const bool&, int) constâ€™:
Board.h:94: error: expected â€˜;â€™ before â€˜boardâ€™
Board.h:95: error: â€˜vertâ€™ was not declared in this scope
Board.h:95: error: â€˜horzâ€™ was not declared in this scope
Board.h:95: error: â€˜diagâ€™ was not declared in this scope
Board.h:95: error: â€˜boardâ€™ was not declared in this scope
Board.h:95: error: â€˜blackâ€™ was not declared in this scope
Board.h:95: error: â€˜whiteâ€™ was not declared in this scope
Board.h:106: error: â€˜vert_maskâ€™ was not declared in this scope
Board.h: In member function â€˜uint BoardMoveIterator<Gravity>::GetNextMove(const uint&, const uint&) [with bool Gravity = true]â€™:
Board.h:131: error: request for member â€˜lowerâ€™ in â€˜freeâ€™, which is of non-class type â€˜void(void*)throw ()â€™
Board.h:133: error: invalid operands of types â€˜void(void*)throw ()â€™ and â€˜const unsigned intâ€™ to binary â€˜operator>>â€™
Board.h:133: error:   in evaluation of â€˜operator>>=(void(void*)throw (), const unsigned int)â€™
Board.h: In member function â€˜uint BoardMoveIterator<Gravity>::GetNextMove(const uint&, const uint&) [with bool Gravity = false]â€™:
Board.h:146: error: invalid conversion from â€˜void (*)(void*)throw ()â€™ to â€˜long long intâ€™
Board.h:146: error:   initializing argument 1 of â€˜int __builtin_ffsll(long long int)â€™
Board.h:147: error: invalid operands of types â€˜void(void*)throw ()â€™ and â€˜long long unsigned intâ€™ to binary â€˜operator^â€™
Board.h:147: error:   in evaluation of â€˜operator^=(void(void*)throw (), long long unsigned int)â€™
AIShell.cpp: In function â€˜float AlphaBetaSearch(Board<Gravity>&, int, float, float, bool) [with bool Gravity = true]â€™:
AIShell.cpp:154:   instantiated from â€˜Move IDS(Board<Gravity>&) [with bool Gravity = true]â€™
AIShell.cpp:189:   instantiated from here
AIShell.cpp:67: error: no type named â€˜uint_boardâ€™ in â€˜class Board<true>â€™
AIShell.cpp:154:   instantiated from â€˜Move IDS(Board<Gravity>&) [with bool Gravity = true]â€™
AIShell.cpp:189:   instantiated from here
AIShell.cpp:67: error: no type named â€˜uint_boardâ€™ in â€˜class Board<true>â€™
AIShell.cpp:67: error: no type named â€˜uint_boardâ€™ in â€˜class Board<true>â€™
AIShell.cpp: In function â€˜float AlphaBetaSearch(Board<Gravity>&, int, float, float, bool) [with bool Gravity = false]â€™:
AIShell.cpp:154:   instantiated from â€˜Move IDS(Board<Gravity>&) [with bool Gravity = false]â€™
AIShell.cpp:198:   instantiated from here
AIShell.cpp:67: error: no type named â€˜uint_boardâ€™ in â€˜class Board<false>â€™
AIShell.cpp:154:   instantiated from â€˜Move IDS(Board<Gravity>&) [with bool Gravity = false]â€™
AIShell.cpp:198:   instantiated from here
AIShell.cpp:67: error: no type named â€˜uint_boardâ€™ in â€˜class Board<false>â€™
AIShell.cpp:67: error: no type named â€˜uint_boardâ€™ in â€˜class Board<false>â€™
################
/home/minhaenl/cs_171/draft/Files/rghaly_Ghaly_31843989_eliminater/src
################
/home/minhaenl/cs_171/draft/Files/seungm1_Moon_seungm1_10032/src
################
/home/minhaenl/cs_171/draft/Files/songyunc_Cao_54627179_Pepsi/src
AIShell.h:13: error: ISO C++ forbids initialization of member â€˜HORIâ€™
AIShell.h:13: error: making â€˜HORIâ€™ static
AIShell.h:14: error: ISO C++ forbids initialization of member â€˜VERTâ€™
AIShell.h:14: error: making â€˜VERTâ€™ static
AIShell.h:15: error: ISO C++ forbids initialization of member â€˜DIAGURâ€™
AIShell.h:15: error: making â€˜DIAGURâ€™ static
AIShell.h:16: error: ISO C++ forbids initialization of member â€˜DIAGULâ€™
AIShell.h:16: error: making â€˜DIAGULâ€™ static
AIShell.h:38: error: function definition does not declare parameters
AIShell.h:40: error: ISO C++ forbids initialization of member â€˜searchDepthâ€™
AIShell.h:40: error: making â€˜searchDepthâ€™ static
AIShell.h:40: error: ISO C++ forbids in-class initialization of non-const static member â€˜searchDepthâ€™
In file included from AIShell.cpp:1:
AIShell.h:13: error: ISO C++ forbids initialization of member â€˜HORIâ€™
AIShell.h:13: error: making â€˜HORIâ€™ static
AIShell.h:14: error: ISO C++ forbids initialization of member â€˜VERTâ€™
AIShell.h:14: error: making â€˜VERTâ€™ static
AIShell.h:15: error: ISO C++ forbids initialization of member â€˜DIAGURâ€™
AIShell.h:15: error: making â€˜DIAGURâ€™ static
AIShell.h:16: error: ISO C++ forbids initialization of member â€˜DIAGULâ€™
AIShell.h:16: error: making â€˜DIAGULâ€™ static
In file included from AIShell.cpp:1:
AIShell.h:38: error: function definition does not declare parameters
AIShell.h:40: error: ISO C++ forbids initialization of member â€˜searchDepthâ€™
AIShell.h:40: error: making â€˜searchDepthâ€™ static
AIShell.h:40: error: ISO C++ forbids in-class initialization of non-const static member â€˜searchDepthâ€™
AIShell.cpp: In constructor â€˜AIShell::AIShell(int, int, bool, int**, Move, double, int, int)â€™:
AIShell.cpp:31: error: â€˜bestMoveâ€™ was not declared in this scope
AIShell.cpp: In member function â€˜Move AIShell::makeMove()â€™:
AIShell.cpp:88: error: â€˜bestMoveâ€™ was not declared in this scope
AIShell.cpp: In member function â€˜double AIShell::DLS(int**, int, int, int)â€™:
AIShell.cpp:419: error: â€˜bestMoveâ€™ was not declared in this scope
AIShell.cpp:424: error: â€˜bestMoveâ€™ was not declared in this scope
In file included from ConnectK.cpp:5:
AIShell.h:13: error: ISO C++ forbids initialization of member â€˜HORIâ€™
AIShell.h:13: error: making â€˜HORIâ€™ static
AIShell.h:14: error: ISO C++ forbids initialization of member â€˜VERTâ€™
AIShell.h:14: error: making â€˜VERTâ€™ static
AIShell.h:15: error: ISO C++ forbids initialization of member â€˜DIAGURâ€™
AIShell.h:15: error: making â€˜DIAGURâ€™ static
AIShell.h:16: error: ISO C++ forbids initialization of member â€˜DIAGULâ€™
AIShell.h:16: error: making â€˜DIAGULâ€™ static
In file included from ConnectK.cpp:5:
AIShell.h:38: error: function definition does not declare parameters
AIShell.h:40: error: ISO C++ forbids initialization of member â€˜searchDepthâ€™
AIShell.h:40: error: making â€˜searchDepthâ€™ static
AIShell.h:40: error: ISO C++ forbids in-class initialization of non-const static member â€˜searchDepthâ€™
################
/home/minhaenl/cs_171/draft/Files/steventp_Phan_steventp_2EZ4AI/src
################
/home/minhaenl/cs_171/draft/Files/vincet3_Tang_74655027_CVProject1/Tang_74655027_CVProject1/src
################
/home/minhaenl/cs_171/draft/Files/vnie_nie_vnie_ChickenNugget/ConnectK/src/cPlusPlusSource
################
/home/minhaenl/cs_171/draft/Files/wlum_lum_66879208_squall/connectK/src
################
/home/minhaenl/cs_171/draft/Files/xinglonb_Bai 70713813 SteinGate
################
/home/minhaenl/cs_171/draft/Files/zhangr3_Zhang_62044985_DeepBlue/src
AIShell.cpp: In member function â€˜Move AIShell::NaiveAI()â€™:
AIShell.cpp:58: error: â€˜randâ€™ was not declared in this scope
AIShell.cpp: In member function â€˜bool AIShell::GetAMoveByExhaustive(Move*)â€™:
AIShell.cpp:77: error: â€˜nullptrâ€™ was not declared in this scope
################
/home/minhaenl/cs_171/draft/F2/monamiy_Yang_44194004_AISquad/Yang_44194004_AISquad/src
AIShell.h:5:18: error: Move.h: No such file or directory
AIShell.h:34: error: â€˜Moveâ€™ does not name a type
AIShell.h:52: error: â€˜Moveâ€™ has not been declared
AIShell.h:54: error: â€˜Moveâ€™ does not name a type
In file included from AIShell.cpp:1:
AIShell.h:5:18: error: Move.h: No such file or directory
In file included from AIShell.cpp:1:
AIShell.h:34: error: â€˜Moveâ€™ does not name a type
In file included from AIShell.cpp:1:
AIShell.h:52: error: â€˜Moveâ€™ has not been declared
AIShell.h:54: error: â€˜Moveâ€™ does not name a type
AIShell.cpp:7: error: â€˜Moveâ€™ has not been declared
AIShell.cpp: In constructor â€˜AIShell::AIShell(int, int, bool, int**, int)â€™:
AIShell.cpp:14: error: â€˜class AIShellâ€™ has no member named â€˜lastMoveâ€™
AIShell.cpp: At global scope:
AIShell.cpp:34: error: â€˜Moveâ€™ does not name a type
Mis_redirected¢DtypeEvalueôIhttp_code¢DtypeEvalueÈQdownload_complete¢DtypeEvalueõ